Reading netlist file: "C:\Users\BEK\Desktop\CustomRISCVComputerOnFpga2\CustomRISCVComputerOnFpga2\reis\reis2\impl\gwsynthesis\32bit_Computer.vg"
Parsing netlist file "C:\Users\BEK\Desktop\CustomRISCVComputerOnFpga2\CustomRISCVComputerOnFpga2\reis\reis2\impl\gwsynthesis\32bit_Computer.vg" completed
Processing netlist completed
Reading constraint file: "C:\Users\BEK\Desktop\CustomRISCVComputerOnFpga2\CustomRISCVComputerOnFpga2\reis\reis2\src\32bitv2.cst"
Physical Constraint parsed completed
Running placement......
[10%] Placement Phase 0 completed
[20%] Placement Phase 1 completed
[30%] Placement Phase 2 completed
[50%] Placement Phase 3 completed
Running routing......
[60%] Routing Phase 0 completed
[70%] Routing Phase 1 completed
[80%] Routing Phase 2 completed
[90%] Routing Phase 3 completed
Running timing analysis......
[95%] Timing analysis completed
Placement and routing completed
Bitstream generation in progress......
Bitstream generation completed
Running power analysis......
[100%] Power analysis completed
Generate file "C:\Users\BEK\Desktop\CustomRISCVComputerOnFpga2\CustomRISCVComputerOnFpga2\reis\reis2\impl\pnr\32bit_Computer.power.html" completed
Generate file "C:\Users\BEK\Desktop\CustomRISCVComputerOnFpga2\CustomRISCVComputerOnFpga2\reis\reis2\impl\pnr\32bit_Computer.pin.html" completed
Generate file "C:\Users\BEK\Desktop\CustomRISCVComputerOnFpga2\CustomRISCVComputerOnFpga2\reis\reis2\impl\pnr\32bit_Computer.rpt.html" completed
Generate file "C:\Users\BEK\Desktop\CustomRISCVComputerOnFpga2\CustomRISCVComputerOnFpga2\reis\reis2\impl\pnr\32bit_Computer.rpt.txt" completed
Generate file "C:\Users\BEK\Desktop\CustomRISCVComputerOnFpga2\CustomRISCVComputerOnFpga2\reis\reis2\impl\pnr\32bit_Computer.tr.html" completed
Thu May 14 22:24:00 2026

