GowinSynthesis start
Running parser ...
Analyzing Verilog file 'C:\Users\BEK\repos\DOOM\src\CPU_Registers.v'
Analyzing Verilog file 'C:\Users\BEK\repos\DOOM\src\HDMI_Top.v'
Analyzing Verilog file 'C:\Users\BEK\repos\DOOM\src\ICache.v'
Analyzing Verilog file 'C:\Users\BEK\repos\DOOM\src\Mainv3.v'
Analyzing Verilog file 'C:\Users\BEK\repos\DOOM\src\PS2_Controller.v'
Analyzing Verilog file 'C:\Users\BEK\repos\DOOM\src\SPI.v'
Analyzing Verilog file 'C:\Users\BEK\repos\DOOM\src\UART.v'
Analyzing Verilog file 'C:\Users\BEK\repos\DOOM\src\VGA.v'
Analyzing Verilog file 'C:\Users\BEK\repos\DOOM\src\ddr3_memory_interface\ddr3_memory_interface.v'
Analyzing Verilog file 'C:\Users\BEK\repos\DOOM\src\dvi_tx\dvi_tx.v'
Analyzing Verilog file 'C:\Users\BEK\repos\DOOM\src\gowin_rpll\gowin_rpll.v'
Analyzing Verilog file 'C:\Users\BEK\repos\DOOM\src\gowin_rpll_2\gowin_rpll_2.v'
Analyzing Verilog file 'C:\Users\BEK\repos\DOOM\src\gowin_sdpb\gowin_sdpb.v'
Analyzing Verilog file 'C:\Users\BEK\repos\DOOM\src\gowin_sdpb\gowin_sdpb_2.v'
Analyzing Verilog file 'C:\Users\BEK\repos\DOOM\src\rpll_270\rpll_270.v'
Analyzing Verilog file 'C:\Users\BEK\repos\DOOM\src\cpu.v'
Compiling module 'Main_Computer'("C:\Users\BEK\repos\DOOM\src\Mainv3.v":1)
Compiling module 'ICache'("C:\Users\BEK\repos\DOOM\src\ICache.v":12)
Extracting RAM for identifier 'data_mem'("C:\Users\BEK\repos\DOOM\src\ICache.v":31)
Extracting RAM for identifier 'tag_mem'("C:\Users\BEK\repos\DOOM\src\ICache.v":32)
Compiling module 'rpll_270'("C:\Users\BEK\repos\DOOM\src\rpll_270\rpll_270.v":10)
Compiling module 'Gowin_rPLL'("C:\Users\BEK\repos\DOOM\src\gowin_rpll\gowin_rpll.v":10)
Compiling module 'DDR3_Memory_Interface_Top'("C:\Users\BEK\repos\DOOM\src\ddr3_memory_interface\ddr3_memory_interface.v":11484)
Compiling module '**'("C:\Users\BEK\repos\DOOM\src\ddr3_memory_interface\ddr3_memory_interface.v":11483)
Compiling module 'UART_Controller(BAUD_RATE=1000000)'("C:\Users\BEK\repos\DOOM\src\UART.v":1)
Compiling module 'SPI_Controller'("C:\Users\BEK\repos\DOOM\src\SPI.v":1)
WARN  (EX3791) : Expression size 3 truncated to fit in target size 2("C:\Users\BEK\repos\DOOM\src\Mainv3.v":327)
Compiling module 'PS2_Controller'("C:\Users\BEK\repos\DOOM\src\PS2_Controller.v":28)
Compiling module 'Gowin_rPLL_VGA'("C:\Users\BEK\repos\DOOM\src\gowin_rpll_2\gowin_rpll_2.v":10)
Compiling module 'HDMI_Top'("C:\Users\BEK\repos\DOOM\src\HDMI_Top.v":8)
Compiling module 'VGA_Controller'("C:\Users\BEK\repos\DOOM\src\VGA.v":1)
Compiling module '**'("C:\Users\BEK\repos\DOOM\src\dvi_tx\dvi_tx.v":1088)
Compiling module 'cpu'("C:\Users\BEK\repos\DOOM\src\cpu.v":1)
Compiling module 'CPU_Registers'("C:\Users\BEK\repos\DOOM\src\CPU_Registers.v":1)
Compiling module 'Gowin_SDPB'("C:\Users\BEK\repos\DOOM\src\gowin_sdpb\gowin_sdpb_2.v":10)
Compiling module 'Gowin_SDPB_VRAM'("C:\Users\BEK\repos\DOOM\src\gowin_sdpb\gowin_sdpb.v":10)
WARN  (EX2565) : Input 'reset' on this instance is undriven. Assigning to 0, simulation mismatch possible. Please assign the input or remove the declaration("C:\Users\BEK\repos\DOOM\src\Mainv3.v":447)
NOTE  (EX0101) : Current top module is "Main_Computer"
[5%] Running netlist conversion ...
Running device independent optimization ...
